<?xml version="1.0" encoding="UTF-8"?>
<!-- Generated by org.testng.reporters.JUnitXMLReporter -->
<testsuite hostname="mvcc-PC" ignored="0" name="Default test" tests="10" failures="0" timestamp="04 Oct 2017 12:48:54 GMT" time="60.159" errors="0">
  <testcase name="Frame" time="24.813" classname="BatchExecution.Hybrid_Framework"/>
  <testcase name="Frame" time="15.348" classname="BatchExecution.Hybrid_Framework"/>
  <testcase name="Frame" time="0.038" classname="BatchExecution.Hybrid_Framework"/>
  <testcase name="Frame" time="0.037" classname="BatchExecution.Hybrid_Framework"/>
  <testcase name="Frame" time="0.037" classname="BatchExecution.Hybrid_Framework"/>
  <testcase name="Frame" time="0.037" classname="BatchExecution.Hybrid_Framework"/>
  <testcase name="Frame" time="0.037" classname="BatchExecution.Hybrid_Framework"/>
  <testcase name="Frame" time="0.038" classname="BatchExecution.Hybrid_Framework"/>
  <testcase name="Frame" time="0.037" classname="BatchExecution.Hybrid_Framework"/>
  <testcase name="Frame" time="10.669" classname="BatchExecution.Hybrid_Framework"/>
</testsuite> <!-- Default test -->
