<?xml version="1.0" encoding="UTF-8"?>
<testng-results skipped="0" failed="0" ignored="0" total="1" passed="1">
  <reporter-output>
  </reporter-output>
  <suite name="Default suite" duration-ms="306854" started-at="2017-09-08T11:34:35Z" finished-at="2017-09-08T11:39:42Z">
    <groups>
    </groups>
    <test name="Default test" duration-ms="306854" started-at="2017-09-08T11:34:35Z" finished-at="2017-09-08T11:39:42Z">
      <class name="BatchExecution.CompanyRegistration">
        <test-method status="PASS" signature="Setup()[pri:0, instance:BatchExecution.CompanyRegistration@1ebd319f]" name="Setup" is-config="true" duration-ms="2716" started-at="2017-09-08T17:04:35Z" finished-at="2017-09-08T17:04:37Z">
          <reporter-output>
          </reporter-output>
        </test-method> <!-- Setup -->
        <test-method status="PASS" signature="CompanyRegistrationTest()[pri:0, instance:BatchExecution.CompanyRegistration@1ebd319f]" name="CompanyRegistrationTest" duration-ms="298585" started-at="2017-09-08T17:04:37Z" finished-at="2017-09-08T17:09:36Z">
          <reporter-output>
          </reporter-output>
        </test-method> <!-- CompanyRegistrationTest -->
        <test-method status="PASS" signature="teardown()[pri:0, instance:BatchExecution.CompanyRegistration@1ebd319f]" name="teardown" is-config="true" duration-ms="5540" started-at="2017-09-08T17:09:36Z" finished-at="2017-09-08T17:09:42Z">
          <reporter-output>
          </reporter-output>
        </test-method> <!-- teardown -->
      </class> <!-- BatchExecution.CompanyRegistration -->
    </test> <!-- Default test -->
  </suite> <!-- Default suite -->
</testng-results>
